info it worked if it ends with ok
verbose cli [ 'C:\\Program Files\\nodejs\\\\node.exe',
verbose cli   'C:\\Program Files\\nodejs\\node_modules\\npm\\bin\\npm-cli.js',
verbose cli   'publish',
verbose cli   'D:\\project\\kino.razor' ]
info using npm@1.1.9
info using node@v0.6.13
verbose C:\Program Files\nodejs\\node.exe node symlink
verbose config file C:\Documents and Settings\zhanglei\.npmrc
verbose config file C:\Program Files\nodejs\etc\npmrc
verbose config file C:\Program Files\nodejs\node_modules\npm\npmrc
verbose mkdir done: C:\Documents and Settings\zhanglei\Application Data\npm 755
verbose publish [ 'D:\\project\\kino.razor' ]
verbose cache add [ 'D:\\project\\kino.razor', null ]
silly cache add: name, spec, args [ undefined,
silly cache add: name, spec, args   'D:\\project\\kino.razor',
silly cache add: name, spec, args   [ 'D:\\project\\kino.razor', null ] ]
verbose parsed url { protocol: 'd:',
verbose parsed url   host: '',
verbose parsed url   hostname: '',
verbose parsed url   href: 'd:\\project\\kino.razor',
verbose parsed url   pathname: '\\project\\kino.razor',
verbose parsed url   path: '\\project\\kino.razor' }
ERR! Could not install: D:\project\kino.razor
ERR! Failed to parse json
ERR! Unexpected token ﻿
ERR! File: D:\project\kino.razor\package.json
ERR! JSON.parse Failed to parse package.json data.
ERR! JSON.parse package.json must be actual JSON, not just JavaScript.
ERR! JSON.parse This is not a bug in npm.
ERR! JSON.parse Tell the package author to fix their package.json file.
ERR! 
ERR! System Windows_NT 5.2.3790
ERR! command "C:\\Program Files\\nodejs\\\\node.exe" "C:\\Program Files\\nodejs\\node_modules\\npm\\bin\\npm-cli.js" "publish" "D:\\project\\kino.razor"
ERR! cwd D:\project\kino.razor
ERR! node -v v0.6.13
ERR! npm -v 1.1.9
ERR! file D:\project\kino.razor\package.json
ERR! code EJSONPARSE
ERR! message Failed to parse json
ERR! message Unexpected token ﻿
ERR! errno {}
verbose exit [ 1, true ]
